再次买入的单子，在+DI持续变大，-DI持续变小，并且前者减后者的差值达到正的极大值时，是平仓的机会。(TODO)

commit:f48f098
find configuration for budget 1000
max_lots=0.02/0.01
2010:2813,11738,6452/3862,8324,3181

then, add limit for open more orders
multi_rate=2.0/1.5
2010:3889,6199,1075/4216,5941,908

for multi_rate=1.5
2008:4835,5758,31
2009:4717,5294,233
2010:4216,5941,908
2011:4517,7297,1759
2012:4435,6159,1135
2013:4855,6332,1139
2014:4595,5238,-152
2015:4411,5266,-210
2016:4768,5313,288
+5131

if badget = 1000/2000/3000/4000/6000
2010:49,1243,-974/110,2243,-1993/86,3243,-2979/132,4243,-4067/1424,32662,25661

修改再次入场的条件，必须要是价格符合趋势方向的位置才行。

commit:48b3661
2008:4578,9473,1195
2009:3345,7939,-320
2010:424,31662,25661
2011:4324,14559,5518
2012:3562,16005,8235
2013:4757,15285,6846
2014:4457,8014,215
2015:2702,7742,1099
2016:3694,6542,-737
+47712

commit: f42bff3
2008:4154,19375,2307
2009:577,12202,-1767
2010:304,5363,-5456
2011:452,21814,-741


commit:29e57c0
2008:3585,10800,-1340
2009:3779,10527,1369
2010:639,5058,-5105
2011:4506,20754,11853
2016:3494,7830,2139

fix commit:4552fbe result:
2008:4279,9590,628

if no buy more:
2008:4279,10983,1113

if without checkforclose 
2008:4119,14068,-794

在上升趋势中，+DI不断变小，但保持+DI大于-DI，在前者减后者的的差值达到正的极小值时，是再次买入的机会。
commit:4552fbe
2008:4328,10855,222

commit: 3427f75 (bands=40, devia=4)
2008:4294,10950,2423
2009:3707,6582,1319
2010:191,5038,-5118
2011:4516,20034,13279
2012:4663,17789,10636
2013:4845,8712,2871
2014:2911,11525,5483
2015:4074,5658,-939
2016:751,8737,2720
+32674

commit:c48647b (bands=50,devia=2)
2014:197,6354,-4897
2015:3432,5821,-1576


引入iADX指标，在下降趋势中，+DI从小于-DI变成大于，前者减后者差值达到正极大值时，是再次卖出的机会。

commit:dbb7926
2015:2932,6023,-1683

commit: dbb7926
2014:137,5210,-5000


commit:5954b84
2010:0,5008,-5000
2015:4989,5772,549

commit:c651d16
2014:1157,9663,4231
2015:0,5326,-5000

commit:1787bae
2010:2682,6344,981
2011:4902,11457,6349
2012:342,6667,1667
2014:1897,5198,-171
2015:4396,5125,-581


commit:30a640a
2010:1280,6142,404
2011:4551,19443,14443
2014:2286,5480,-1745(max_lots=0.1)
2015:2811,5220,-2108


commit:bca89d5,
year:min-balance,max-balance,net-profit:4H/1D

2008:4405,6407,474/4484,6033,992
2009:4284,6421,1421/4554,5379,379
2010:973,6968,431/3047,11624,6624
2011:4551,19443,14443/0,5940,-5000
2012:2238,8306,3306/4842,6588,1433
2013:4285,7350,1780/4630,7180,2150
2014:1945,7901,2390/4700,5131,77
2015:2000,5245,-2818/2028,5000,-2616
2016:3051,6103,1102/4780,5422,218
+22529/

for 1H,
2012:0,5036,-5000
2016:0,5000,-5000
